#
# There is insufficient memory for the Java Runtime Environment to continue.
# Native memory allocation (mmap) failed to map 67108864 bytes for G1 virtual space
# Possible reasons:
#   The system is out of physical RAM or swap space
#   The process is running with CompressedOops enabled, and the Java Heap may be blocking the growth of the native heap
# Possible solutions:
#   Reduce memory load on the system
#   Increase physical memory or swap space
#   Check if swap backing store is full
#   Decrease Java heap size (-Xmx/-Xms)
#   Decrease number of Java threads
#   Decrease Java thread stack sizes (-Xss)
#   Set larger code cache with -XX:ReservedCodeCacheSize=
#   JVM is running with Unscaled Compressed Oops mode in which the Java heap is
#     placed in the first 4GB address space. The Java Heap base address is the
#     maximum limit for the native heap growth. Please use -XX:HeapBaseMinAddress
#     to set the Java Heap base and to place the Java Heap above 4GB virtual address.
# This output file may be truncated or incomplete.
#
#  Out of Memory Error (os_windows.cpp:3530), pid=9972, tid=8872
#
# JRE version:  (18.0.2.1+1) (build )
# Java VM: Java HotSpot(TM) 64-Bit Server VM (18.0.2.1+1-1, mixed mode, sharing, tiered, compressed oops, compressed class ptrs, g1 gc, windows-amd64)
# No core dump will be written. Minidumps are not enabled by default on client versions of Windows
#

---------------  S U M M A R Y ------------

Command Line: -Dfile.encoding=UTF-8 --module-path=C:\Users\Eduardo\Desktop\2DAM_PMDM_AD\Programacion_1ero\Evaluacion_1\Practica3\build\classes App.Menu

Host: 12th Gen Intel(R) Core(TM) i7-12650H, 2 cores, 3G,  Windows 10 , 64 bit Build 19041 (10.0.19041.5198)
Time: Tue Dec 31 14:27:17 2024 Hora estándar romance elapsed time: 0.066746 seconds (0d 0h 0m 0s)

---------------  T H R E A D  ---------------

Current thread (0x0000026be9bd5c30):  JavaThread "Unknown thread" [_thread_in_vm, id=8872, stack(0x0000008910b00000,0x0000008910c00000)]

Stack: [0x0000008910b00000,0x0000008910c00000]
Native frames: (J=compiled Java code, j=interpreted, Vv=VM code, C=native code)
V  [jvm.dll+0x6993aa]
V  [jvm.dll+0x7f46dd]
V  [jvm.dll+0x7f5fee]
V  [jvm.dll+0x7f66a3]
V  [jvm.dll+0x25cf1f]
V  [jvm.dll+0x6962f9]
V  [jvm.dll+0x68ae2a]
V  [jvm.dll+0x32255b]
V  [jvm.dll+0x329f36]
V  [jvm.dll+0x37eade]
V  [jvm.dll+0x37ed0f]
V  [jvm.dll+0x2fa2da]
V  [jvm.dll+0x2fb33d]
V  [jvm.dll+0x7c3310]
V  [jvm.dll+0x38be61]
V  [jvm.dll+0x7a2023]
V  [jvm.dll+0x40dc3f]
V  [jvm.dll+0x40f611]
C  [jli.dll+0x526b]
C  [ucrtbase.dll+0x21bb2]
C  [KERNEL32.DLL+0x17374]
C  [ntdll.dll+0x4cc91]


---------------  P R O C E S S  ---------------

Threads class SMR info:
_java_thread_list=0x00007ffd513ce550, length=0, elements={
}

Java Threads: ( => current thread )

Other Threads:
  0x0000026be9c17cf0 WorkerThread "GC Thread#0" [stack: 0x0000008910c00000,0x0000008910d00000] [id=2292]
  0x0000026be9c21b40 ConcurrentGCThread "G1 Main Marker" [stack: 0x0000008910d00000,0x0000008910e00000] [id=6732]
  0x0000026be9c23450 WorkerThread "G1 Conc#0" [stack: 0x0000008910e00000,0x0000008910f00000] [id=6696]

[error occurred during error reporting (printing all threads), id 0xc0000005, EXCEPTION_ACCESS_VIOLATION (0xc0000005) at pc=0x00007ffd50bfa877]

VM state: not at safepoint (not fully initialized)

VM Mutex/Monitor currently owned by a thread:  ([mutex/lock_event])
[0x0000026be9bd3100] Heap_lock - owner thread: 0x0000026be9bd5c30

Heap address: 0x00000000c0000000, size: 1024 MB, Compressed Oops mode: 32-bit

CDS archive(s) mapped at: [0x0000000000000000-0x0000000000000000-0x0000000000000000), size 0, SharedBaseAddress: 0x0000000800000000, ArchiveRelocationMode: 0.
Narrow klass base: 0x0000000000000000, Narrow klass shift: 0, Narrow klass range: 0x0

GC Precious Log:
 CardTable entry size: 512
 Card Set container configuration: InlinePtr #cards 5 size 8 Array Of Cards #cards 12 size 40 Howl #buckets 4 coarsen threshold 1843 Howl Bitmap #cards 512 size 80 coarsen threshold 460 Card regions per heap region 1 cards per card region 2048

Heap:
 garbage-first heap   total 0K, used 0K [0x00000000c0000000, 0x0000000100000000)
  region size 1024K, 0 young (0K), 0 survivors (0K)

[error occurred during error reporting (printing heap information), id 0xc0000005, EXCEPTION_ACCESS_VIOLATION (0xc0000005) at pc=0x00007ffd50fe1839]

GC Heap History (0 events):
No events

Deoptimization events (0 events):
No events

Classes loaded (0 events):
No events

Classes unloaded (0 events):
No events

Classes redefined (0 events):
No events

Internal exceptions (0 events):
No events

VM Operations (0 events):
No events

Events (1 events):
Event: 0.025 Loaded shared library C:\Program Files\Java\jdk-18.0.2.1\bin\java.dll


Dynamic libraries:
0x00007ff730650000 - 0x00007ff730660000 	C:\Program Files\Java\jdk-18.0.2.1\bin\java.exe
0x00007ffd8e5b0000 - 0x00007ffd8e7a8000 	C:\Windows\SYSTEM32\ntdll.dll
0x00007ffd8dfd0000 - 0x00007ffd8e092000 	C:\Windows\System32\KERNEL32.DLL
0x00007ffd8c1d0000 - 0x00007ffd8c4ce000 	C:\Windows\System32\KERNELBASE.dll
0x00007ffd8bde0000 - 0x00007ffd8bee0000 	C:\Windows\System32\ucrtbase.dll
0x00007ffd83730000 - 0x00007ffd83748000 	C:\Program Files\Java\jdk-18.0.2.1\bin\jli.dll
0x00007ffd8d970000 - 0x00007ffd8da21000 	C:\Windows\System32\ADVAPI32.dll
0x00007ffd8e100000 - 0x00007ffd8e19e000 	C:\Windows\System32\msvcrt.dll
0x00007ffd8db20000 - 0x00007ffd8dbbf000 	C:\Windows\System32\sechost.dll
0x00007ffd8e420000 - 0x00007ffd8e543000 	C:\Windows\System32\RPCRT4.dll
0x00007ffd8c570000 - 0x00007ffd8c597000 	C:\Windows\System32\bcrypt.dll
0x00007ffd8e280000 - 0x00007ffd8e41d000 	C:\Windows\System32\USER32.dll
0x00007ffd8c5a0000 - 0x00007ffd8c5c2000 	C:\Windows\System32\win32u.dll
0x00007ffd8d730000 - 0x00007ffd8d75b000 	C:\Windows\System32\GDI32.dll
0x00007ffd8bcc0000 - 0x00007ffd8bdd7000 	C:\Windows\System32\gdi32full.dll
0x00007ffd8c4d0000 - 0x00007ffd8c56d000 	C:\Windows\System32\msvcp_win.dll
0x00007ffd87050000 - 0x00007ffd8706a000 	C:\Program Files\Java\jdk-18.0.2.1\bin\VCRUNTIME140.dll
0x00007ffd77b40000 - 0x00007ffd77dda000 	C:\Windows\WinSxS\amd64_microsoft.windows.common-controls_6595b64144ccf1df_6.0.19041.4355_none_60b8b9eb71f62e16\COMCTL32.dll
0x00007ffd81110000 - 0x00007ffd8111a000 	C:\Windows\SYSTEM32\VERSION.dll
0x00007ffd8c5d0000 - 0x00007ffd8c5ff000 	C:\Windows\System32\IMM32.DLL
0x00007ffd87040000 - 0x00007ffd8704c000 	C:\Program Files\Java\jdk-18.0.2.1\bin\vcruntime140_1.dll
0x00007ffd79660000 - 0x00007ffd796ed000 	C:\Program Files\Java\jdk-18.0.2.1\bin\msvcp140.dll
0x00007ffd508f0000 - 0x00007ffd51501000 	C:\Program Files\Java\jdk-18.0.2.1\bin\server\jvm.dll
0x00007ffd8c600000 - 0x00007ffd8c608000 	C:\Windows\System32\PSAPI.DLL
0x00007ffd7db50000 - 0x00007ffd7db59000 	C:\Windows\SYSTEM32\WSOCK32.dll
0x00007ffd8d0c0000 - 0x00007ffd8d12b000 	C:\Windows\System32\WS2_32.dll
0x00007ffd7fda0000 - 0x00007ffd7fdc7000 	C:\Windows\SYSTEM32\WINMM.dll
0x00007ffd89af0000 - 0x00007ffd89b02000 	C:\Windows\SYSTEM32\kernel.appcore.dll
0x00007ffd868f0000 - 0x00007ffd868fa000 	C:\Program Files\Java\jdk-18.0.2.1\bin\jimage.dll
0x00007ffd865f0000 - 0x00007ffd867d4000 	C:\Windows\SYSTEM32\DBGHELP.DLL
0x00007ffd86490000 - 0x00007ffd864c4000 	C:\Windows\SYSTEM32\dbgcore.DLL
0x00007ffd8bee0000 - 0x00007ffd8bf62000 	C:\Windows\System32\bcryptPrimitives.dll
0x00007ffd86900000 - 0x00007ffd86925000 	C:\Program Files\Java\jdk-18.0.2.1\bin\java.dll

dbghelp: loaded successfully - version: 4.0.5 - missing functions: none
symbol engine: initialized successfully - sym options: 0x614 - pdb path: .;C:\Program Files\Java\jdk-18.0.2.1\bin;C:\Windows\SYSTEM32;C:\Windows\WinSxS\amd64_microsoft.windows.common-controls_6595b64144ccf1df_6.0.19041.4355_none_60b8b9eb71f62e16;C:\Program Files\Java\jdk-18.0.2.1\bin\server

VM Arguments:
jvm_args: -Dfile.encoding=UTF-8 --module-path=C:\Users\Eduardo\Desktop\2DAM_PMDM_AD\Programacion_1ero\Evaluacion_1\Practica3\build\classes 
java_command: App.Menu
java_class_path (initial): C:\Users\Eduardo\Desktop\2DAM_PMDM_AD\Programacion_1ero\Evaluacion_1\Practica3\build\classes
Launcher Type: SUN_STANDARD

[Global flags]
     intx CICompilerCount                          = 2                                         {product} {ergonomic}
     uint ConcGCThreads                            = 1                                         {product} {ergonomic}
     uint G1ConcRefinementThreads                  = 2                                         {product} {ergonomic}
   size_t G1HeapRegionSize                         = 1048576                                   {product} {ergonomic}
    uintx GCDrainStackTargetSize                   = 64                                        {product} {ergonomic}
   size_t InitialHeapSize                          = 67108864                                  {product} {ergonomic}
   size_t MarkStackSize                            = 4194304                                   {product} {ergonomic}
   size_t MaxHeapSize                              = 1073741824                                {product} {ergonomic}
   size_t MinHeapDeltaBytes                        = 1048576                                   {product} {ergonomic}
   size_t MinHeapSize                              = 8388608                                   {product} {ergonomic}
    uintx NonNMethodCodeHeapSize                   = 5826188                                {pd product} {ergonomic}
    uintx NonProfiledCodeHeapSize                  = 122916026                              {pd product} {ergonomic}
    uintx ProfiledCodeHeapSize                     = 122916026                              {pd product} {ergonomic}
    uintx ReservedCodeCacheSize                    = 251658240                              {pd product} {ergonomic}
     bool SegmentedCodeCache                       = true                                      {product} {ergonomic}
   size_t SoftMaxHeapSize                          = 1073741824                             {manageable} {ergonomic}
     bool UseCompressedClassPointers               = true                           {product lp64_product} {ergonomic}
     bool UseCompressedOops                        = true                           {product lp64_product} {ergonomic}
     bool UseG1GC                                  = true                                      {product} {ergonomic}
     bool UseLargePagesIndividualAllocation        = false                                  {pd product} {ergonomic}

Logging:
Log output configuration:
 #0: stdout all=warning uptime,level,tags foldmultilines=false
 #1: stderr all=off uptime,level,tags foldmultilines=false

Environment Variables:
PATH=C:\Program Files\Common Files\Oracle\Java\javapath;C:\Windows\system32;C:\Windows;C:\Windows\System32\Wbem;C:\Windows\System32\WindowsPowerShell\v1.0\;C:\Windows\System32\OpenSSH\;C:\Program Files\GitHub CLI\;C:\Program Files\Git\cmd;C:\Program Files\Microsoft SQL Server\150\Tools\Binn\;C:\Program Files\Microsoft SQL Server\Client SDK\ODBC\170\Tools\Binn\;C:\Program Files\dotnet\;C:\Users\Eduardo\AppData\Local\Microsoft\WindowsApps;C:\Users\Eduardo\AppData\Local\Programs\Microsoft VS Code\bin;C:\Users\Eduardo\.dotnet\tools
USERNAME=Eduardo
OS=Windows_NT
PROCESSOR_IDENTIFIER=Intel64 Family 6 Model 154 Stepping 3, GenuineIntel



---------------  S Y S T E M  ---------------

OS:
 Windows 10 , 64 bit Build 19041 (10.0.19041.5198)
OS uptime: 0 days 5:37 hours
VMWare virtualization detected

CPU: total 2 (initial active 2) (1 cores per cpu, 1 threads per core) family 6 model 154 stepping 3 microcode 0xffffffff, cx8, cmov, fxsr, mmx, 3dnowpref, sse, sse2, sse3, ssse3, sse4.1, sse4.2, popcnt, lzcnt, tsc, tscinvbit, avx, avx2, aes, erms, clmul, bmi1, bmi2, adx, sha, fma, vzeroupper, clflush, clflushopt, clwb, hv, serialize

Memory: 4k page, system-wide physical 4095M (641M free)
TotalPageFile size 8366M (AvailPageFile size 24M)
current process WorkingSet (physical memory assigned to process): 10M, peak: 10M
current process commit charge ("private bytes"): 47M, peak: 111M

vm_info: Java HotSpot(TM) 64-Bit Server VM (18.0.2.1+1-1) for windows-amd64 JRE (18.0.2.1+1-1), built on Aug 16 2022 01:46:33 by "mach5one" with MS VC++ 16.8 / 16.9 (VS2019)

END.
